<?xml version="1.0" encoding="UTF-8"?>
<testng-results ignored="0" total="1" passed="1" failed="0" skipped="0">
  <reporter-output>
  </reporter-output>
  <suite started-at="2023-04-14T15:07:56 IST" name="Default suite" finished-at="2023-04-14T15:08:12 IST" duration-ms="15569">
    <groups>
    </groups>
    <test started-at="2023-04-14T15:07:56 IST" name="Default test" finished-at="2023-04-14T15:08:12 IST" duration-ms="15569">
      <class name="lambdatest.practice.TestScenario2_Edge">
        <test-method is-config="true" signature="testsetUp()[pri:0, instance:lambdatest.practice.TestScenario2_Edge@66d3eec0]" started-at="2023-04-14T15:07:56 IST" name="testsetUp" finished-at="2023-04-14T15:08:04 IST" duration-ms="7360" status="PASS">
          <reporter-output>
          </reporter-output>
        </test-method> <!-- testsetUp -->
        <test-method signature="myTest()[pri:0, instance:lambdatest.practice.TestScenario2_Edge@66d3eec0]" started-at="2023-04-14T15:08:04 IST" name="myTest" finished-at="2023-04-14T15:08:12 IST" duration-ms="7942" status="PASS">
          <reporter-output>
          </reporter-output>
        </test-method> <!-- myTest -->
        <test-method is-config="true" signature="endTest()[pri:0, instance:lambdatest.practice.TestScenario2_Edge@66d3eec0]" started-at="2023-04-14T15:08:12 IST" name="endTest" finished-at="2023-04-14T15:08:12 IST" duration-ms="219" status="PASS">
          <reporter-output>
          </reporter-output>
        </test-method> <!-- endTest -->
      </class> <!-- lambdatest.practice.TestScenario2_Edge -->
    </test> <!-- Default test -->
  </suite> <!-- Default suite -->
</testng-results>
